<?xml version="1.0" encoding="UTF-8"?>
<!-- Generated by org.testng.reporters.JUnitReportReporter -->
<testsuite hostname="Dons-MacBook-Pro.local" failures="0" tests="1" name="TestNG.TestNG" time="25.219" errors="0" timestamp="2021-07-29T13:03:39 PDT" skipped="0">
  <testcase classname="TestNG.TestNG" name="testcase1" time="25.219"/>
  <system-out/>
</testsuite> <!-- TestNG.TestNG -->
